mode: set
github.com/avito_shop/main.go:11.13,15.2 3 0
github.com/avito_shop/cmd/populate_db/main.go:13.13,16.16 3 0
github.com/avito_shop/cmd/populate_db/main.go:16.16,18.3 1 0
github.com/avito_shop/cmd/populate_db/main.go:19.2,25.42 5 0
github.com/avito_shop/cmd/populate_db/main.go:25.42,27.17 2 0
github.com/avito_shop/cmd/populate_db/main.go:27.17,29.4 1 0
github.com/avito_shop/cmd/populate_db/main.go:31.2,33.38 2 0
github.com/avito_shop/cmd/populate_db/main.go:33.38,37.17 3 0
github.com/avito_shop/cmd/populate_db/main.go:37.17,39.4 1 0
github.com/avito_shop/cmd/populate_db/main.go:41.3,46.17 3 0
github.com/avito_shop/cmd/populate_db/main.go:46.17,48.4 1 0
github.com/avito_shop/cmd/populate_db/main.go:50.3,50.20 1 0
github.com/avito_shop/cmd/populate_db/main.go:50.20,52.4 1 0
github.com/avito_shop/cmd/populate_db/main.go:54.2,54.28 1 0
github.com/avito_shop/internal/client/client.go:23.33,30.2 1 0
github.com/avito_shop/internal/client/client.go:32.42,34.2 1 0
github.com/avito_shop/internal/client/client.go:36.71,43.2 5 0
github.com/avito_shop/internal/client/client.go:45.61,54.2 5 0
github.com/avito_shop/internal/client/client.go:56.79,64.2 5 0
github.com/avito_shop/internal/client/client.go:66.61,73.2 4 0
github.com/avito_shop/internal/client/error.go:15.52,16.21 1 0
github.com/avito_shop/internal/client/error.go:16.21,18.3 1 0
github.com/avito_shop/internal/client/error.go:20.2,22.16 3 0
github.com/avito_shop/internal/client/error.go:22.16,24.3 1 0
github.com/avito_shop/internal/client/error.go:26.2,26.16 1 0
github.com/avito_shop/internal/client/error.go:27.11,28.22 1 0
github.com/avito_shop/internal/client/error.go:29.11,30.24 1 0
github.com/avito_shop/internal/client/error.go:31.11,32.26 1 0
github.com/avito_shop/internal/client/error.go:33.10,34.70 1 0
github.com/avito_shop/internal/client/error.go:37.2,37.46 1 0
github.com/avito_shop/main.go:11.13,15.2 3 0
github.com/avito_shop/cmd/populate_db/main.go:13.13,16.16 3 0
github.com/avito_shop/cmd/populate_db/main.go:16.16,18.3 1 0
github.com/avito_shop/cmd/populate_db/main.go:19.2,25.42 5 0
github.com/avito_shop/cmd/populate_db/main.go:25.42,27.17 2 0
github.com/avito_shop/cmd/populate_db/main.go:27.17,29.4 1 0
github.com/avito_shop/cmd/populate_db/main.go:31.2,33.38 2 0
github.com/avito_shop/cmd/populate_db/main.go:33.38,37.17 3 0
github.com/avito_shop/cmd/populate_db/main.go:37.17,39.4 1 0
github.com/avito_shop/cmd/populate_db/main.go:41.3,46.17 3 0
github.com/avito_shop/cmd/populate_db/main.go:46.17,48.4 1 0
github.com/avito_shop/cmd/populate_db/main.go:50.3,50.20 1 0
github.com/avito_shop/cmd/populate_db/main.go:50.20,52.4 1 0
github.com/avito_shop/cmd/populate_db/main.go:54.2,54.28 1 0
github.com/avito_shop/internal/client/client.go:23.33,30.2 1 0
github.com/avito_shop/internal/client/client.go:32.42,34.2 1 0
github.com/avito_shop/internal/client/client.go:36.71,43.2 5 0
github.com/avito_shop/internal/client/client.go:45.61,54.2 5 0
github.com/avito_shop/internal/client/client.go:56.79,64.2 5 0
github.com/avito_shop/internal/client/client.go:66.61,73.2 4 0
github.com/avito_shop/internal/client/error.go:15.52,16.21 1 0
github.com/avito_shop/internal/client/error.go:16.21,18.3 1 0
github.com/avito_shop/internal/client/error.go:20.2,22.16 3 0
github.com/avito_shop/internal/client/error.go:22.16,24.3 1 0
github.com/avito_shop/internal/client/error.go:26.2,26.16 1 0
github.com/avito_shop/internal/client/error.go:27.11,28.22 1 0
github.com/avito_shop/internal/client/error.go:29.11,30.24 1 0
github.com/avito_shop/internal/client/error.go:31.11,32.26 1 0
github.com/avito_shop/internal/client/error.go:33.10,34.70 1 0
github.com/avito_shop/internal/client/error.go:37.2,37.46 1 0
github.com/avito_shop/internal/domain/auth.go:9.113,11.16 2 1
github.com/avito_shop/internal/domain/auth.go:11.16,13.3 1 1
github.com/avito_shop/internal/domain/auth.go:15.2,15.35 1 1
github.com/avito_shop/internal/domain/auth.go:15.35,17.3 1 0
github.com/avito_shop/internal/domain/auth.go:19.2,19.49 1 1
github.com/avito_shop/internal/domain/auth.go:19.49,21.3 1 1
github.com/avito_shop/internal/domain/auth.go:23.2,25.8 1 1
github.com/avito_shop/internal/domain/buy_item.go:8.87,10.16 2 1
github.com/avito_shop/internal/domain/buy_item.go:10.16,12.3 1 1
github.com/avito_shop/internal/domain/buy_item.go:14.2,15.16 2 1
github.com/avito_shop/internal/domain/buy_item.go:15.16,17.3 1 0
github.com/avito_shop/internal/domain/buy_item.go:18.2,21.16 3 1
github.com/avito_shop/internal/domain/buy_item.go:21.16,23.3 1 0
github.com/avito_shop/internal/domain/buy_item.go:25.2,25.26 1 1
github.com/avito_shop/internal/domain/buy_item.go:25.26,27.3 1 1
github.com/avito_shop/internal/domain/buy_item.go:29.2,35.16 3 1
github.com/avito_shop/internal/domain/buy_item.go:35.16,37.3 1 0
github.com/avito_shop/internal/domain/buy_item.go:39.2,41.20 2 1
github.com/avito_shop/internal/domain/error.go:14.36,18.2 1 0
github.com/avito_shop/internal/domain/info.go:9.87,13.16 3 1
github.com/avito_shop/internal/domain/info.go:13.16,15.3 1 0
github.com/avito_shop/internal/domain/info.go:16.2,19.16 3 1
github.com/avito_shop/internal/domain/info.go:19.16,21.3 1 1
github.com/avito_shop/internal/domain/info.go:23.2,24.16 2 1
github.com/avito_shop/internal/domain/info.go:24.16,26.3 1 0
github.com/avito_shop/internal/domain/info.go:28.2,29.33 2 1
github.com/avito_shop/internal/domain/info.go:29.33,35.3 2 1
github.com/avito_shop/internal/domain/info.go:37.2,38.16 2 1
github.com/avito_shop/internal/domain/info.go:38.16,40.3 1 0
github.com/avito_shop/internal/domain/info.go:42.2,44.37 3 1
github.com/avito_shop/internal/domain/info.go:44.37,45.34 1 1
github.com/avito_shop/internal/domain/info.go:45.34,50.4 1 1
github.com/avito_shop/internal/domain/info.go:50.9,50.39 1 1
github.com/avito_shop/internal/domain/info.go:50.39,55.4 1 1
github.com/avito_shop/internal/domain/info.go:57.2,60.25 3 1
github.com/avito_shop/internal/domain/send_coins.go:8.114,9.22 1 1
github.com/avito_shop/internal/domain/send_coins.go:9.22,11.3 1 1
github.com/avito_shop/internal/domain/send_coins.go:13.2,14.16 2 1
github.com/avito_shop/internal/domain/send_coins.go:14.16,16.3 1 1
github.com/avito_shop/internal/domain/send_coins.go:18.2,19.16 2 1
github.com/avito_shop/internal/domain/send_coins.go:19.16,21.3 1 0
github.com/avito_shop/internal/domain/send_coins.go:22.2,24.31 2 1
github.com/avito_shop/internal/domain/send_coins.go:24.31,26.3 1 1
github.com/avito_shop/internal/domain/send_coins.go:28.2,29.16 2 1
github.com/avito_shop/internal/domain/send_coins.go:29.16,31.3 1 0
github.com/avito_shop/internal/domain/send_coins.go:33.2,33.31 1 1
github.com/avito_shop/internal/domain/send_coins.go:33.31,35.3 1 1
github.com/avito_shop/internal/domain/send_coins.go:37.2,43.16 3 1
github.com/avito_shop/internal/domain/send_coins.go:43.16,45.3 1 0
github.com/avito_shop/internal/domain/send_coins.go:47.2,48.16 2 1
github.com/avito_shop/internal/domain/send_coins.go:48.16,50.3 1 0
github.com/avito_shop/internal/domain/send_coins.go:52.2,53.16 2 1
github.com/avito_shop/internal/domain/send_coins.go:53.16,55.3 1 0
github.com/avito_shop/internal/domain/send_coins.go:57.2,57.20 1 1
github.com/avito_shop/internal/handler/auth.go:13.127,16.68 3 0
github.com/avito_shop/internal/handler/auth.go:16.68,19.3 2 0
github.com/avito_shop/internal/handler/auth.go:21.2,22.31 2 0
github.com/avito_shop/internal/handler/auth.go:22.31,24.3 1 0
github.com/avito_shop/internal/handler/auth.go:24.8,24.23 1 0
github.com/avito_shop/internal/handler/auth.go:24.23,29.3 3 0
github.com/avito_shop/internal/handler/auth.go:31.2,31.19 1 0
github.com/avito_shop/internal/handler/auth.go:34.47,36.9 2 0
github.com/avito_shop/internal/handler/auth.go:36.9,38.3 1 0
github.com/avito_shop/internal/handler/auth.go:40.2,41.16 2 0
github.com/avito_shop/internal/handler/auth.go:41.16,43.3 1 0
github.com/avito_shop/internal/handler/auth.go:45.2,48.3 1 0
github.com/avito_shop/internal/handler/auth.go:51.49,54.9 3 0
github.com/avito_shop/internal/handler/auth.go:54.9,56.3 1 0
github.com/avito_shop/internal/handler/auth.go:58.2,59.9 2 0
github.com/avito_shop/internal/handler/auth.go:59.9,61.3 1 0
github.com/avito_shop/internal/handler/auth.go:63.2,65.16 3 0
github.com/avito_shop/internal/handler/auth.go:65.16,67.3 1 0
github.com/avito_shop/internal/handler/auth.go:69.2,69.17 1 0
github.com/avito_shop/internal/handler/auth.go:72.61,77.2 2 0
github.com/avito_shop/internal/handler/buy_item.go:10.72,12.16 2 0
github.com/avito_shop/internal/handler/buy_item.go:12.16,15.3 2 0
github.com/avito_shop/internal/handler/buy_item.go:17.2,18.24 2 0
github.com/avito_shop/internal/handler/buy_item.go:18.24,21.3 2 0
github.com/avito_shop/internal/handler/buy_item.go:23.2,24.31 2 0
github.com/avito_shop/internal/handler/buy_item.go:24.31,27.3 2 0
github.com/avito_shop/internal/handler/buy_item.go:27.8,27.23 1 0
github.com/avito_shop/internal/handler/buy_item.go:27.23,32.3 3 0
github.com/avito_shop/internal/handler/buy_item.go:34.2,34.17 1 0
github.com/avito_shop/internal/handler/info.go:10.69,12.16 2 0
github.com/avito_shop/internal/handler/info.go:12.16,15.3 2 0
github.com/avito_shop/internal/handler/info.go:17.2,18.31 2 0
github.com/avito_shop/internal/handler/info.go:18.31,21.3 2 0
github.com/avito_shop/internal/handler/info.go:21.8,21.23 1 0
github.com/avito_shop/internal/handler/info.go:21.23,26.3 3 0
github.com/avito_shop/internal/handler/info.go:28.2,28.20 1 0
github.com/avito_shop/internal/handler/send_coins.go:10.74,12.16 2 0
github.com/avito_shop/internal/handler/send_coins.go:12.16,15.3 2 0
github.com/avito_shop/internal/handler/send_coins.go:17.2,19.16 3 0
github.com/avito_shop/internal/handler/send_coins.go:19.16,22.3 2 0
github.com/avito_shop/internal/handler/send_coins.go:24.2,25.31 2 0
github.com/avito_shop/internal/handler/send_coins.go:25.31,28.3 2 0
github.com/avito_shop/internal/handler/send_coins.go:28.8,28.23 1 0
github.com/avito_shop/internal/handler/send_coins.go:28.23,33.3 3 0
github.com/avito_shop/internal/handler/send_coins.go:35.2,35.17 1 0
github.com/avito_shop/internal/infra/bcrypt_hasher.go:12.60,14.2 1 0
github.com/avito_shop/internal/infra/bcrypt_hasher.go:16.70,19.2 2 0
github.com/avito_shop/internal/infra/bcrypt_hasher.go:21.64,23.2 1 0
github.com/avito_shop/internal/infra/bcrypt_hasher.go:25.54,27.16 2 0
github.com/avito_shop/internal/infra/bcrypt_hasher.go:27.16,29.3 1 0
github.com/avito_shop/internal/infra/bcrypt_hasher.go:30.2,30.25 1 0
github.com/avito_shop/internal/infra/fmt_logger.go:9.41,11.2 1 0
github.com/avito_shop/internal/infra/fmt_logger.go:13.41,15.2 1 0
github.com/avito_shop/internal/infra/http_engine.go:19.102,21.16 2 0
github.com/avito_shop/internal/infra/http_engine.go:21.16,23.3 1 0
github.com/avito_shop/internal/infra/http_engine.go:25.2,28.34 3 0
github.com/avito_shop/internal/infra/http_engine.go:28.34,30.3 1 0
github.com/avito_shop/internal/infra/http_engine.go:32.2,34.16 3 0
github.com/avito_shop/internal/infra/http_engine.go:34.16,36.3 1 0
github.com/avito_shop/internal/infra/http_engine.go:37.2,40.16 3 0
github.com/avito_shop/internal/infra/http_engine.go:40.16,42.3 1 0
github.com/avito_shop/internal/infra/http_engine.go:44.2,45.61 2 0
github.com/avito_shop/internal/infra/http_engine.go:45.61,47.3 1 0
github.com/avito_shop/internal/infra/http_engine.go:49.2,49.16 1 0
github.com/avito_shop/internal/infra/http_engine.go:49.16,51.3 1 0
github.com/avito_shop/internal/infra/http_engine.go:53.2,54.16 2 0
github.com/avito_shop/internal/infra/http_engine.go:54.16,56.3 1 0
github.com/avito_shop/internal/infra/http_engine.go:58.2,58.12 1 0
github.com/avito_shop/internal/infra/http_engine.go:61.49,62.25 1 0
github.com/avito_shop/internal/infra/http_engine.go:62.25,64.3 1 0
github.com/avito_shop/internal/infra/http_engine.go:65.2,65.21 1 0
github.com/avito_shop/internal/infra/http_engine.go:68.50,69.19 1 0
github.com/avito_shop/internal/infra/http_engine.go:69.19,71.3 1 0
github.com/avito_shop/internal/infra/http_engine.go:72.2,72.12 1 0
github.com/avito_shop/internal/infra/http_engine.go:75.51,76.26 1 0
github.com/avito_shop/internal/infra/http_engine.go:76.26,78.3 1 0
github.com/avito_shop/internal/infra/http_engine.go:79.2,79.22 1 0
github.com/avito_shop/internal/infra/http_engine.go:82.72,84.2 1 0
github.com/avito_shop/internal/infra/jwt.go:15.60,17.9 2 0
github.com/avito_shop/internal/infra/jwt.go:17.9,19.3 1 0
github.com/avito_shop/internal/infra/jwt.go:21.2,22.9 2 0
github.com/avito_shop/internal/infra/jwt.go:22.9,24.3 1 0
github.com/avito_shop/internal/infra/jwt.go:26.2,26.17 1 0
github.com/avito_shop/internal/repository/postgres.go:22.52,26.2 1 0
github.com/avito_shop/internal/repository/postgres.go:28.95,37.35 4 0
github.com/avito_shop/internal/repository/postgres.go:37.35,39.3 1 0
github.com/avito_shop/internal/repository/postgres.go:40.2,40.17 1 0
github.com/avito_shop/internal/repository/postgres.go:43.113,52.35 4 0
github.com/avito_shop/internal/repository/postgres.go:52.35,54.3 1 0
github.com/avito_shop/internal/repository/postgres.go:55.2,55.17 1 0
github.com/avito_shop/internal/repository/postgres.go:58.81,60.16 2 0
github.com/avito_shop/internal/repository/postgres.go:60.16,62.3 1 0
github.com/avito_shop/internal/repository/postgres.go:64.2,67.8 1 0
github.com/avito_shop/internal/repository/postgres.go:70.42,72.2 1 0
github.com/avito_shop/internal/repository/postgres.go:74.44,76.2 1 0
github.com/avito_shop/internal/repository/postgres.go:78.72,88.35 4 0
github.com/avito_shop/internal/repository/postgres.go:88.35,90.3 1 0
github.com/avito_shop/internal/repository/postgres.go:91.2,91.17 1 0
github.com/avito_shop/internal/repository/postgres.go:94.99,101.16 2 0
github.com/avito_shop/internal/repository/postgres.go:101.16,103.3 1 0
github.com/avito_shop/internal/repository/postgres.go:105.2,106.18 2 0
github.com/avito_shop/internal/repository/postgres.go:106.18,110.17 3 0
github.com/avito_shop/internal/repository/postgres.go:110.17,112.4 1 0
github.com/avito_shop/internal/repository/postgres.go:114.3,114.26 1 0
github.com/avito_shop/internal/repository/postgres.go:117.2,118.9 2 0
github.com/avito_shop/internal/repository/postgres.go:118.9,120.3 1 0
github.com/avito_shop/internal/repository/postgres.go:122.2,123.9 2 0
github.com/avito_shop/internal/repository/postgres.go:123.9,125.3 1 0
github.com/avito_shop/internal/repository/postgres.go:127.2,127.36 1 0
github.com/avito_shop/internal/repository/postgres.go:130.76,141.2 2 0
github.com/avito_shop/internal/repository/postgres.go:143.83,153.2 4 0
github.com/avito_shop/internal/repository/postgres.go:155.83,165.2 4 0
github.com/avito_shop/internal/repository/postgres.go:167.86,177.16 2 0
github.com/avito_shop/internal/repository/postgres.go:177.16,179.3 1 0
github.com/avito_shop/internal/repository/postgres.go:181.2,181.74 1 0
github.com/avito_shop/internal/repository/postgres.go:184.87,193.16 2 0
github.com/avito_shop/internal/repository/postgres.go:193.16,195.3 1 0
github.com/avito_shop/internal/repository/postgres.go:197.2,197.75 1 0
github.com/avito_shop/internal/setup/env.go:15.19,20.2 4 0
github.com/avito_shop/internal/setup/env.go:22.35,30.2 6 0
github.com/avito_shop/internal/setup/env.go:32.36,34.21 2 0
github.com/avito_shop/internal/setup/env.go:34.21,36.3 1 0
github.com/avito_shop/internal/setup/env.go:37.2,37.14 1 0
github.com/avito_shop/internal/setup/env.go:40.50,44.16 3 0
github.com/avito_shop/internal/setup/env.go:44.16,46.3 1 0
github.com/avito_shop/internal/setup/env.go:47.2,47.12 1 0
github.com/avito_shop/internal/setup/env.go:50.52,52.28 2 0
github.com/avito_shop/internal/setup/env.go:52.28,54.3 1 0
github.com/avito_shop/internal/setup/env.go:55.2,55.14 1 0
github.com/avito_shop/internal/setup/router.go:21.113,22.29 1 0
github.com/avito_shop/internal/setup/router.go:22.29,24.3 1 0
github.com/avito_shop/internal/setup/router.go:25.2,25.63 1 0
github.com/avito_shop/internal/setup/router.go:25.63,27.3 1 0
github.com/avito_shop/internal/setup/router.go:29.2,47.16 3 0
github.com/avito_shop/internal/setup/router.go:47.16,49.3 1 0
github.com/avito_shop/internal/setup/router.go:50.2,50.13 1 0
github.com/avito_shop/internal/setup/router.go:53.78,54.36 1 0
github.com/avito_shop/internal/setup/router.go:54.36,56.21 2 0
github.com/avito_shop/internal/setup/router.go:56.21,58.4 1 0
github.com/avito_shop/internal/setup/router.go:62.104,66.51 3 0
github.com/avito_shop/internal/setup/router.go:66.51,68.3 1 0
github.com/avito_shop/internal/setup/router.go:69.2,69.56 1 0
github.com/avito_shop/internal/setup/router.go:69.56,71.3 1 0
github.com/avito_shop/internal/setup/router.go:72.2,72.56 1 0
github.com/avito_shop/internal/setup/router.go:72.56,74.3 1 0
github.com/avito_shop/internal/setup/router.go:84.23,88.16 3 0
github.com/avito_shop/internal/setup/router.go:88.16,90.3 1 0
github.com/avito_shop/internal/setup/router.go:92.2,108.3 8 0
github.com/avito_shop/internal/setup/router.go:111.30,114.2 2 0
github.com/avito_shop/internal/setup/router.go:116.32,118.2 1 0
github.com/avito_shop/internal/shoptest/noop_hasher.go:9.42,11.2 1 1
github.com/avito_shop/internal/shoptest/noop_hasher.go:13.60,15.2 1 0
github.com/avito_shop/internal/shoptest/noop_hasher.go:17.70,19.2 1 1
github.com/avito_shop/internal/shoptest/postgres.go:14.50,18.2 1 0
github.com/avito_shop/internal/shoptest/postgres.go:20.57,24.2 3 0
github.com/avito_shop/internal/shoptest/postgres.go:26.90,37.2 5 0
github.com/avito_shop/internal/shoptest/postgres.go:39.85,47.2 3 0
github.com/avito_shop/internal/shoptest/postgres.go:49.89,60.2 5 0
github.com/avito_shop/internal/shoptest/repo_clear.go:10.24,13.16 3 0
github.com/avito_shop/internal/shoptest/repo_clear.go:13.16,15.3 1 0
github.com/avito_shop/internal/shoptest/repo_clear.go:17.2,26.37 5 0
github.com/avito_shop/internal/shoptest/repo_clear.go:26.37,28.3 1 0
github.com/avito_shop/internal/shoptest/repo_clear.go:29.2,29.12 1 0
github.com/avito_shop/internal/shoptest/repo_setup.go:13.44,16.2 2 0
github.com/avito_shop/internal/shoptest/repo_setup.go:18.65,20.14 2 0
github.com/avito_shop/internal/shoptest/repo_setup.go:20.14,25.3 4 0
github.com/avito_shop/internal/shoptest/repo_setup.go:26.2,27.16 2 0
github.com/avito_shop/internal/shoptest/repo_setup.go:27.16,29.3 1 0
github.com/avito_shop/internal/shoptest/repo_setup.go:31.2,31.27 1 0
github.com/avito_shop/internal/shoptest/repo_setup.go:34.103,35.29 1 0
github.com/avito_shop/internal/shoptest/repo_setup.go:35.29,37.17 2 0
github.com/avito_shop/internal/shoptest/repo_setup.go:37.17,39.4 1 0
github.com/avito_shop/internal/shoptest/repo_setup.go:40.3,43.22 1 0
github.com/avito_shop/internal/shoptest/repo_setup.go:45.2,45.12 1 0
github.com/avito_shop/internal/shoptest/repo_setup.go:48.50,49.33 1 0
github.com/avito_shop/internal/shoptest/repo_setup.go:49.33,51.3 1 0
github.com/avito_shop/internal/shoptest/repository_inmem.go:18.38,26.2 1 1
github.com/avito_shop/internal/shoptest/repository_inmem.go:28.84,34.2 5 1
github.com/avito_shop/internal/shoptest/repository_inmem.go:36.94,41.2 4 1
github.com/avito_shop/internal/shoptest/repository_inmem.go:43.87,49.2 5 1
github.com/avito_shop/internal/shoptest/repository_inmem.go:51.87,57.2 5 1
github.com/avito_shop/internal/shoptest/repository_inmem.go:59.92,60.34 1 1
github.com/avito_shop/internal/shoptest/repository_inmem.go:60.34,61.32 1 1
github.com/avito_shop/internal/shoptest/repository_inmem.go:61.32,63.4 1 1
github.com/avito_shop/internal/shoptest/repository_inmem.go:66.2,66.42 1 1
github.com/avito_shop/internal/shoptest/repository_inmem.go:69.110,70.38 1 1
github.com/avito_shop/internal/shoptest/repository_inmem.go:70.38,71.28 1 1
github.com/avito_shop/internal/shoptest/repository_inmem.go:71.28,73.4 1 1
github.com/avito_shop/internal/shoptest/repository_inmem.go:76.2,76.51 1 1
github.com/avito_shop/internal/shoptest/repository_inmem.go:79.78,81.2 1 1
github.com/avito_shop/internal/shoptest/repository_inmem.go:91.65,92.36 1 1
github.com/avito_shop/internal/shoptest/repository_inmem.go:92.36,94.3 1 1
github.com/avito_shop/internal/shoptest/repository_inmem.go:96.2,96.30 1 1
github.com/avito_shop/internal/shoptest/repository_inmem.go:100.92,101.38 1 1
github.com/avito_shop/internal/shoptest/repository_inmem.go:101.38,103.3 1 0
github.com/avito_shop/internal/shoptest/repository_inmem.go:104.2,104.36 1 1
github.com/avito_shop/internal/shoptest/repository_inmem.go:104.36,106.3 1 0
github.com/avito_shop/internal/shoptest/repository_inmem.go:108.2,108.50 1 1
github.com/avito_shop/internal/shoptest/repository_inmem.go:112.80,113.36 1 1
github.com/avito_shop/internal/shoptest/repository_inmem.go:113.36,115.3 1 0
github.com/avito_shop/internal/shoptest/repository_inmem.go:117.2,119.36 2 1
github.com/avito_shop/internal/shoptest/repository_inmem.go:119.36,120.28 1 1
github.com/avito_shop/internal/shoptest/repository_inmem.go:120.28,121.12 1 0
github.com/avito_shop/internal/shoptest/repository_inmem.go:123.3,124.24 2 1
github.com/avito_shop/internal/shoptest/repository_inmem.go:127.2,128.34 2 1
github.com/avito_shop/internal/shoptest/repository_inmem.go:128.34,134.3 2 1
github.com/avito_shop/internal/shoptest/repository_inmem.go:136.2,136.17 1 1
github.com/avito_shop/internal/shoptest/repository_inmem.go:139.79,140.36 1 1
github.com/avito_shop/internal/shoptest/repository_inmem.go:140.36,142.3 1 0
github.com/avito_shop/internal/shoptest/repository_inmem.go:144.2,145.36 2 1
github.com/avito_shop/internal/shoptest/repository_inmem.go:145.36,148.30 2 1
github.com/avito_shop/internal/shoptest/repository_inmem.go:148.30,149.12 1 0
github.com/avito_shop/internal/shoptest/repository_inmem.go:151.3,157.5 1 1
github.com/avito_shop/internal/shoptest/repository_inmem.go:159.2,159.17 1 1
github.com/avito_shop/internal/shoptest/repository_inmem.go:162.68,165.2 2 1
github.com/avito_shop/internal/shoptest/repository_inmem.go:167.69,172.2 4 1
github.com/avito_shop/internal/shoptest/repository_inmem.go:174.69,179.2 4 1
github.com/avito_shop/internal/shoptest/repository_inmem.go:181.35,184.2 1 1
github.com/avito_shop/internal/shoptest/repository_inmem.go:186.37,191.2 1 1
github.com/avito_shop/internal/shoptest/testclient.go:11.36,18.65 2 0
github.com/avito_shop/internal/shoptest/testclient.go:18.65,24.5 3 0
github.com/avito_shop/internal/shoptest/var.go:36.25,41.2 1 0
github.com/avito_shop/internal/shoptest/var.go:43.43,45.2 1 0
github.com/avito_shop/internal/handler/auth.go:13.127,16.68 3 0
github.com/avito_shop/internal/handler/auth.go:16.68,19.3 2 0
github.com/avito_shop/internal/handler/auth.go:21.2,22.31 2 0
github.com/avito_shop/internal/handler/auth.go:22.31,24.3 1 0
github.com/avito_shop/internal/handler/auth.go:24.8,24.23 1 0
github.com/avito_shop/internal/handler/auth.go:24.23,29.3 3 0
github.com/avito_shop/internal/handler/auth.go:31.2,31.19 1 0
github.com/avito_shop/internal/handler/auth.go:34.47,36.9 2 0
github.com/avito_shop/internal/handler/auth.go:36.9,38.3 1 0
github.com/avito_shop/internal/handler/auth.go:40.2,41.16 2 0
github.com/avito_shop/internal/handler/auth.go:41.16,43.3 1 0
github.com/avito_shop/internal/handler/auth.go:45.2,48.3 1 0
github.com/avito_shop/internal/handler/auth.go:51.49,54.9 3 0
github.com/avito_shop/internal/handler/auth.go:54.9,56.3 1 0
github.com/avito_shop/internal/handler/auth.go:58.2,59.9 2 0
github.com/avito_shop/internal/handler/auth.go:59.9,61.3 1 0
github.com/avito_shop/internal/handler/auth.go:63.2,65.16 3 0
github.com/avito_shop/internal/handler/auth.go:65.16,67.3 1 0
github.com/avito_shop/internal/handler/auth.go:69.2,69.17 1 0
github.com/avito_shop/internal/handler/auth.go:72.61,77.2 2 0
github.com/avito_shop/internal/handler/buy_item.go:10.72,12.16 2 0
github.com/avito_shop/internal/handler/buy_item.go:12.16,15.3 2 0
github.com/avito_shop/internal/handler/buy_item.go:17.2,18.24 2 0
github.com/avito_shop/internal/handler/buy_item.go:18.24,21.3 2 0
github.com/avito_shop/internal/handler/buy_item.go:23.2,24.31 2 0
github.com/avito_shop/internal/handler/buy_item.go:24.31,27.3 2 0
github.com/avito_shop/internal/handler/buy_item.go:27.8,27.23 1 0
github.com/avito_shop/internal/handler/buy_item.go:27.23,32.3 3 0
github.com/avito_shop/internal/handler/buy_item.go:34.2,34.17 1 0
github.com/avito_shop/internal/handler/info.go:10.69,12.16 2 0
github.com/avito_shop/internal/handler/info.go:12.16,15.3 2 0
github.com/avito_shop/internal/handler/info.go:17.2,18.31 2 0
github.com/avito_shop/internal/handler/info.go:18.31,21.3 2 0
github.com/avito_shop/internal/handler/info.go:21.8,21.23 1 0
github.com/avito_shop/internal/handler/info.go:21.23,26.3 3 0
github.com/avito_shop/internal/handler/info.go:28.2,28.20 1 0
github.com/avito_shop/internal/handler/send_coins.go:10.74,12.16 2 0
github.com/avito_shop/internal/handler/send_coins.go:12.16,15.3 2 0
github.com/avito_shop/internal/handler/send_coins.go:17.2,19.16 3 0
github.com/avito_shop/internal/handler/send_coins.go:19.16,22.3 2 0
github.com/avito_shop/internal/handler/send_coins.go:24.2,25.31 2 0
github.com/avito_shop/internal/handler/send_coins.go:25.31,28.3 2 0
github.com/avito_shop/internal/handler/send_coins.go:28.8,28.23 1 0
github.com/avito_shop/internal/handler/send_coins.go:28.23,33.3 3 0
github.com/avito_shop/internal/handler/send_coins.go:35.2,35.17 1 0
github.com/avito_shop/internal/infra/bcrypt_hasher.go:12.60,14.2 1 0
github.com/avito_shop/internal/infra/bcrypt_hasher.go:16.70,19.2 2 0
github.com/avito_shop/internal/infra/bcrypt_hasher.go:21.64,23.2 1 0
github.com/avito_shop/internal/infra/bcrypt_hasher.go:25.54,27.16 2 0
github.com/avito_shop/internal/infra/bcrypt_hasher.go:27.16,29.3 1 0
github.com/avito_shop/internal/infra/bcrypt_hasher.go:30.2,30.25 1 0
github.com/avito_shop/internal/infra/fmt_logger.go:9.41,11.2 1 0
github.com/avito_shop/internal/infra/fmt_logger.go:13.41,15.2 1 0
github.com/avito_shop/internal/infra/http_engine.go:19.102,21.16 2 0
github.com/avito_shop/internal/infra/http_engine.go:21.16,23.3 1 0
github.com/avito_shop/internal/infra/http_engine.go:25.2,28.34 3 0
github.com/avito_shop/internal/infra/http_engine.go:28.34,30.3 1 0
github.com/avito_shop/internal/infra/http_engine.go:32.2,34.16 3 0
github.com/avito_shop/internal/infra/http_engine.go:34.16,36.3 1 0
github.com/avito_shop/internal/infra/http_engine.go:37.2,40.16 3 0
github.com/avito_shop/internal/infra/http_engine.go:40.16,42.3 1 0
github.com/avito_shop/internal/infra/http_engine.go:44.2,45.61 2 0
github.com/avito_shop/internal/infra/http_engine.go:45.61,47.3 1 0
github.com/avito_shop/internal/infra/http_engine.go:49.2,49.16 1 0
github.com/avito_shop/internal/infra/http_engine.go:49.16,51.3 1 0
github.com/avito_shop/internal/infra/http_engine.go:53.2,54.16 2 0
github.com/avito_shop/internal/infra/http_engine.go:54.16,56.3 1 0
github.com/avito_shop/internal/infra/http_engine.go:58.2,58.12 1 0
github.com/avito_shop/internal/infra/http_engine.go:61.49,62.25 1 0
github.com/avito_shop/internal/infra/http_engine.go:62.25,64.3 1 0
github.com/avito_shop/internal/infra/http_engine.go:65.2,65.21 1 0
github.com/avito_shop/internal/infra/http_engine.go:68.50,69.19 1 0
github.com/avito_shop/internal/infra/http_engine.go:69.19,71.3 1 0
github.com/avito_shop/internal/infra/http_engine.go:72.2,72.12 1 0
github.com/avito_shop/internal/infra/http_engine.go:75.51,76.26 1 0
github.com/avito_shop/internal/infra/http_engine.go:76.26,78.3 1 0
github.com/avito_shop/internal/infra/http_engine.go:79.2,79.22 1 0
github.com/avito_shop/internal/infra/http_engine.go:82.72,84.2 1 0
github.com/avito_shop/internal/infra/jwt.go:15.60,17.9 2 0
github.com/avito_shop/internal/infra/jwt.go:17.9,19.3 1 0
github.com/avito_shop/internal/infra/jwt.go:21.2,22.9 2 0
github.com/avito_shop/internal/infra/jwt.go:22.9,24.3 1 0
github.com/avito_shop/internal/infra/jwt.go:26.2,26.17 1 0
github.com/avito_shop/main.go:11.13,15.2 3 0
github.com/avito_shop/cmd/populate_db/main.go:13.13,16.16 3 0
github.com/avito_shop/cmd/populate_db/main.go:16.16,18.3 1 0
github.com/avito_shop/cmd/populate_db/main.go:19.2,25.42 5 0
github.com/avito_shop/cmd/populate_db/main.go:25.42,27.17 2 0
github.com/avito_shop/cmd/populate_db/main.go:27.17,29.4 1 0
github.com/avito_shop/cmd/populate_db/main.go:31.2,33.38 2 0
github.com/avito_shop/cmd/populate_db/main.go:33.38,37.17 3 0
github.com/avito_shop/cmd/populate_db/main.go:37.17,39.4 1 0
github.com/avito_shop/cmd/populate_db/main.go:41.3,46.17 3 0
github.com/avito_shop/cmd/populate_db/main.go:46.17,48.4 1 0
github.com/avito_shop/cmd/populate_db/main.go:50.3,50.20 1 0
github.com/avito_shop/cmd/populate_db/main.go:50.20,52.4 1 0
github.com/avito_shop/cmd/populate_db/main.go:54.2,54.28 1 0
github.com/avito_shop/internal/client/client.go:23.33,30.2 1 0
github.com/avito_shop/internal/client/client.go:32.42,34.2 1 0
github.com/avito_shop/internal/client/client.go:36.71,43.2 5 0
github.com/avito_shop/internal/client/client.go:45.61,54.2 5 0
github.com/avito_shop/internal/client/client.go:56.79,64.2 5 0
github.com/avito_shop/internal/client/client.go:66.61,73.2 4 0
github.com/avito_shop/internal/client/error.go:15.52,16.21 1 0
github.com/avito_shop/internal/client/error.go:16.21,18.3 1 0
github.com/avito_shop/internal/client/error.go:20.2,22.16 3 0
github.com/avito_shop/internal/client/error.go:22.16,24.3 1 0
github.com/avito_shop/internal/client/error.go:26.2,26.16 1 0
github.com/avito_shop/internal/client/error.go:27.11,28.22 1 0
github.com/avito_shop/internal/client/error.go:29.11,30.24 1 0
github.com/avito_shop/internal/client/error.go:31.11,32.26 1 0
github.com/avito_shop/internal/client/error.go:33.10,34.70 1 0
github.com/avito_shop/internal/client/error.go:37.2,37.46 1 0
github.com/avito_shop/internal/domain/auth.go:9.113,11.16 2 0
github.com/avito_shop/internal/domain/auth.go:11.16,13.3 1 0
github.com/avito_shop/internal/domain/auth.go:15.2,15.35 1 0
github.com/avito_shop/internal/domain/auth.go:15.35,17.3 1 0
github.com/avito_shop/internal/domain/auth.go:19.2,19.49 1 0
github.com/avito_shop/internal/domain/auth.go:19.49,21.3 1 0
github.com/avito_shop/internal/domain/auth.go:23.2,25.8 1 0
github.com/avito_shop/internal/domain/buy_item.go:8.87,10.16 2 0
github.com/avito_shop/internal/domain/buy_item.go:10.16,12.3 1 0
github.com/avito_shop/internal/domain/buy_item.go:14.2,15.16 2 0
github.com/avito_shop/internal/domain/buy_item.go:15.16,17.3 1 0
github.com/avito_shop/internal/domain/buy_item.go:18.2,21.16 3 0
github.com/avito_shop/internal/domain/buy_item.go:21.16,23.3 1 0
github.com/avito_shop/internal/domain/buy_item.go:25.2,25.26 1 0
github.com/avito_shop/internal/domain/buy_item.go:25.26,27.3 1 0
github.com/avito_shop/internal/domain/buy_item.go:29.2,35.16 3 0
github.com/avito_shop/internal/domain/buy_item.go:35.16,37.3 1 0
github.com/avito_shop/internal/domain/buy_item.go:39.2,41.20 2 0
github.com/avito_shop/internal/domain/error.go:14.36,18.2 1 0
github.com/avito_shop/internal/domain/info.go:9.87,13.16 3 0
github.com/avito_shop/internal/domain/info.go:13.16,15.3 1 0
github.com/avito_shop/internal/domain/info.go:16.2,19.16 3 0
github.com/avito_shop/internal/domain/info.go:19.16,21.3 1 0
github.com/avito_shop/internal/domain/info.go:23.2,24.16 2 0
github.com/avito_shop/internal/domain/info.go:24.16,26.3 1 0
github.com/avito_shop/internal/domain/info.go:28.2,29.33 2 0
github.com/avito_shop/internal/domain/info.go:29.33,35.3 2 0
github.com/avito_shop/internal/domain/info.go:37.2,38.16 2 0
github.com/avito_shop/internal/domain/info.go:38.16,40.3 1 0
github.com/avito_shop/internal/domain/info.go:42.2,44.37 3 0
github.com/avito_shop/internal/domain/info.go:44.37,45.34 1 0
github.com/avito_shop/internal/domain/info.go:45.34,50.4 1 0
github.com/avito_shop/internal/domain/info.go:50.9,50.39 1 0
github.com/avito_shop/internal/domain/info.go:50.39,55.4 1 0
github.com/avito_shop/internal/domain/info.go:57.2,60.25 3 0
github.com/avito_shop/internal/domain/send_coins.go:8.114,9.22 1 0
github.com/avito_shop/internal/domain/send_coins.go:9.22,11.3 1 0
github.com/avito_shop/internal/domain/send_coins.go:13.2,14.16 2 0
github.com/avito_shop/internal/domain/send_coins.go:14.16,16.3 1 0
github.com/avito_shop/internal/domain/send_coins.go:18.2,19.16 2 0
github.com/avito_shop/internal/domain/send_coins.go:19.16,21.3 1 0
github.com/avito_shop/internal/domain/send_coins.go:22.2,24.31 2 0
github.com/avito_shop/internal/domain/send_coins.go:24.31,26.3 1 0
github.com/avito_shop/internal/domain/send_coins.go:28.2,29.16 2 0
github.com/avito_shop/internal/domain/send_coins.go:29.16,31.3 1 0
github.com/avito_shop/internal/domain/send_coins.go:33.2,33.31 1 0
github.com/avito_shop/internal/domain/send_coins.go:33.31,35.3 1 0
github.com/avito_shop/internal/domain/send_coins.go:37.2,43.16 3 0
github.com/avito_shop/internal/domain/send_coins.go:43.16,45.3 1 0
github.com/avito_shop/internal/domain/send_coins.go:47.2,48.16 2 0
github.com/avito_shop/internal/domain/send_coins.go:48.16,50.3 1 0
github.com/avito_shop/internal/domain/send_coins.go:52.2,53.16 2 0
github.com/avito_shop/internal/domain/send_coins.go:53.16,55.3 1 0
github.com/avito_shop/internal/domain/send_coins.go:57.2,57.20 1 0
github.com/avito_shop/internal/handler/auth.go:13.127,16.68 3 0
github.com/avito_shop/internal/handler/auth.go:16.68,19.3 2 0
github.com/avito_shop/internal/handler/auth.go:21.2,22.31 2 0
github.com/avito_shop/internal/handler/auth.go:22.31,24.3 1 0
github.com/avito_shop/internal/handler/auth.go:24.8,24.23 1 0
github.com/avito_shop/internal/handler/auth.go:24.23,29.3 3 0
github.com/avito_shop/internal/handler/auth.go:31.2,31.19 1 0
github.com/avito_shop/internal/handler/auth.go:34.47,36.9 2 0
github.com/avito_shop/internal/handler/auth.go:36.9,38.3 1 0
github.com/avito_shop/internal/handler/auth.go:40.2,41.16 2 0
github.com/avito_shop/internal/handler/auth.go:41.16,43.3 1 0
github.com/avito_shop/internal/handler/auth.go:45.2,48.3 1 0
github.com/avito_shop/internal/handler/auth.go:51.49,54.9 3 0
github.com/avito_shop/internal/handler/auth.go:54.9,56.3 1 0
github.com/avito_shop/internal/handler/auth.go:58.2,59.9 2 0
github.com/avito_shop/internal/handler/auth.go:59.9,61.3 1 0
github.com/avito_shop/internal/handler/auth.go:63.2,65.16 3 0
github.com/avito_shop/internal/handler/auth.go:65.16,67.3 1 0
github.com/avito_shop/internal/handler/auth.go:69.2,69.17 1 0
github.com/avito_shop/internal/handler/auth.go:72.61,77.2 2 0
github.com/avito_shop/internal/handler/buy_item.go:10.72,12.16 2 0
github.com/avito_shop/internal/handler/buy_item.go:12.16,15.3 2 0
github.com/avito_shop/internal/handler/buy_item.go:17.2,18.24 2 0
github.com/avito_shop/internal/handler/buy_item.go:18.24,21.3 2 0
github.com/avito_shop/internal/handler/buy_item.go:23.2,24.31 2 0
github.com/avito_shop/internal/handler/buy_item.go:24.31,27.3 2 0
github.com/avito_shop/internal/handler/buy_item.go:27.8,27.23 1 0
github.com/avito_shop/internal/handler/buy_item.go:27.23,32.3 3 0
github.com/avito_shop/internal/handler/buy_item.go:34.2,34.17 1 0
github.com/avito_shop/internal/handler/info.go:10.69,12.16 2 0
github.com/avito_shop/internal/handler/info.go:12.16,15.3 2 0
github.com/avito_shop/internal/handler/info.go:17.2,18.31 2 0
github.com/avito_shop/internal/handler/info.go:18.31,21.3 2 0
github.com/avito_shop/internal/handler/info.go:21.8,21.23 1 0
github.com/avito_shop/internal/handler/info.go:21.23,26.3 3 0
github.com/avito_shop/internal/handler/info.go:28.2,28.20 1 0
github.com/avito_shop/internal/handler/send_coins.go:10.74,12.16 2 0
github.com/avito_shop/internal/handler/send_coins.go:12.16,15.3 2 0
github.com/avito_shop/internal/handler/send_coins.go:17.2,19.16 3 0
github.com/avito_shop/internal/handler/send_coins.go:19.16,22.3 2 0
github.com/avito_shop/internal/handler/send_coins.go:24.2,25.31 2 0
github.com/avito_shop/internal/handler/send_coins.go:25.31,28.3 2 0
github.com/avito_shop/internal/handler/send_coins.go:28.8,28.23 1 0
github.com/avito_shop/internal/handler/send_coins.go:28.23,33.3 3 0
github.com/avito_shop/internal/handler/send_coins.go:35.2,35.17 1 0
github.com/avito_shop/internal/infra/bcrypt_hasher.go:12.60,14.2 1 0
github.com/avito_shop/internal/infra/bcrypt_hasher.go:16.70,19.2 2 0
github.com/avito_shop/internal/infra/bcrypt_hasher.go:21.64,23.2 1 0
github.com/avito_shop/internal/infra/bcrypt_hasher.go:25.54,27.16 2 0
github.com/avito_shop/internal/infra/bcrypt_hasher.go:27.16,29.3 1 0
github.com/avito_shop/internal/infra/bcrypt_hasher.go:30.2,30.25 1 0
github.com/avito_shop/internal/infra/fmt_logger.go:9.41,11.2 1 0
github.com/avito_shop/internal/infra/fmt_logger.go:13.41,15.2 1 0
github.com/avito_shop/internal/infra/http_engine.go:19.102,21.16 2 0
github.com/avito_shop/internal/infra/http_engine.go:21.16,23.3 1 0
github.com/avito_shop/internal/infra/http_engine.go:25.2,28.34 3 0
github.com/avito_shop/internal/infra/http_engine.go:28.34,30.3 1 0
github.com/avito_shop/internal/infra/http_engine.go:32.2,34.16 3 0
github.com/avito_shop/internal/infra/http_engine.go:34.16,36.3 1 0
github.com/avito_shop/internal/infra/http_engine.go:37.2,40.16 3 0
github.com/avito_shop/internal/infra/http_engine.go:40.16,42.3 1 0
github.com/avito_shop/internal/infra/http_engine.go:44.2,45.61 2 0
github.com/avito_shop/internal/infra/http_engine.go:45.61,47.3 1 0
github.com/avito_shop/internal/infra/http_engine.go:49.2,49.16 1 0
github.com/avito_shop/internal/infra/http_engine.go:49.16,51.3 1 0
github.com/avito_shop/internal/infra/http_engine.go:53.2,54.16 2 0
github.com/avito_shop/internal/infra/http_engine.go:54.16,56.3 1 0
github.com/avito_shop/internal/infra/http_engine.go:58.2,58.12 1 0
github.com/avito_shop/internal/infra/http_engine.go:61.49,62.25 1 0
github.com/avito_shop/internal/infra/http_engine.go:62.25,64.3 1 0
github.com/avito_shop/internal/infra/http_engine.go:65.2,65.21 1 0
github.com/avito_shop/internal/infra/http_engine.go:68.50,69.19 1 0
github.com/avito_shop/internal/infra/http_engine.go:69.19,71.3 1 0
github.com/avito_shop/internal/infra/http_engine.go:72.2,72.12 1 0
github.com/avito_shop/internal/infra/http_engine.go:75.51,76.26 1 0
github.com/avito_shop/internal/infra/http_engine.go:76.26,78.3 1 0
github.com/avito_shop/internal/infra/http_engine.go:79.2,79.22 1 0
github.com/avito_shop/internal/infra/http_engine.go:82.72,84.2 1 0
github.com/avito_shop/internal/infra/jwt.go:15.60,17.9 2 0
github.com/avito_shop/internal/infra/jwt.go:17.9,19.3 1 0
github.com/avito_shop/internal/infra/jwt.go:21.2,22.9 2 0
github.com/avito_shop/internal/infra/jwt.go:22.9,24.3 1 0
github.com/avito_shop/internal/infra/jwt.go:26.2,26.17 1 0
github.com/avito_shop/internal/repository/postgres.go:22.52,26.2 1 1
github.com/avito_shop/internal/repository/postgres.go:28.95,37.35 4 1
github.com/avito_shop/internal/repository/postgres.go:37.35,39.3 1 0
github.com/avito_shop/internal/repository/postgres.go:40.2,40.17 1 1
github.com/avito_shop/internal/repository/postgres.go:43.113,52.35 4 1
github.com/avito_shop/internal/repository/postgres.go:52.35,54.3 1 0
github.com/avito_shop/internal/repository/postgres.go:55.2,55.17 1 1
github.com/avito_shop/internal/repository/postgres.go:58.81,60.16 2 1
github.com/avito_shop/internal/repository/postgres.go:60.16,62.3 1 0
github.com/avito_shop/internal/repository/postgres.go:64.2,67.8 1 1
github.com/avito_shop/internal/repository/postgres.go:70.42,72.2 1 0
github.com/avito_shop/internal/repository/postgres.go:74.44,76.2 1 0
github.com/avito_shop/internal/repository/postgres.go:78.72,88.35 4 1
github.com/avito_shop/internal/repository/postgres.go:88.35,90.3 1 0
github.com/avito_shop/internal/repository/postgres.go:91.2,91.17 1 1
github.com/avito_shop/internal/repository/postgres.go:94.99,101.16 2 1
github.com/avito_shop/internal/repository/postgres.go:101.16,103.3 1 0
github.com/avito_shop/internal/repository/postgres.go:105.2,106.18 2 1
github.com/avito_shop/internal/repository/postgres.go:106.18,110.17 3 1
github.com/avito_shop/internal/repository/postgres.go:110.17,112.4 1 0
github.com/avito_shop/internal/repository/postgres.go:114.3,114.26 1 1
github.com/avito_shop/internal/repository/postgres.go:117.2,118.9 2 1
github.com/avito_shop/internal/repository/postgres.go:118.9,120.3 1 0
github.com/avito_shop/internal/repository/postgres.go:122.2,123.9 2 1
github.com/avito_shop/internal/repository/postgres.go:123.9,125.3 1 0
github.com/avito_shop/internal/repository/postgres.go:127.2,127.36 1 1
github.com/avito_shop/internal/repository/postgres.go:130.76,141.2 2 1
github.com/avito_shop/internal/repository/postgres.go:143.83,153.2 4 0
github.com/avito_shop/internal/repository/postgres.go:155.83,165.2 4 0
github.com/avito_shop/internal/repository/postgres.go:167.86,177.16 2 0
github.com/avito_shop/internal/repository/postgres.go:177.16,179.3 1 0
github.com/avito_shop/internal/repository/postgres.go:181.2,181.74 1 0
github.com/avito_shop/internal/repository/postgres.go:184.87,193.16 2 0
github.com/avito_shop/internal/repository/postgres.go:193.16,195.3 1 0
github.com/avito_shop/internal/repository/postgres.go:197.2,197.75 1 0
github.com/avito_shop/internal/setup/env.go:15.19,20.2 4 0
github.com/avito_shop/internal/setup/env.go:22.35,30.2 6 0
github.com/avito_shop/internal/setup/env.go:32.36,34.21 2 0
github.com/avito_shop/internal/setup/env.go:34.21,36.3 1 0
github.com/avito_shop/internal/setup/env.go:37.2,37.14 1 0
github.com/avito_shop/internal/setup/env.go:40.50,44.16 3 0
github.com/avito_shop/internal/setup/env.go:44.16,46.3 1 0
github.com/avito_shop/internal/setup/env.go:47.2,47.12 1 0
github.com/avito_shop/internal/setup/env.go:50.52,52.28 2 0
github.com/avito_shop/internal/setup/env.go:52.28,54.3 1 0
github.com/avito_shop/internal/setup/env.go:55.2,55.14 1 0
github.com/avito_shop/internal/setup/router.go:21.113,22.29 1 0
github.com/avito_shop/internal/setup/router.go:22.29,24.3 1 0
github.com/avito_shop/internal/setup/router.go:25.2,25.63 1 0
github.com/avito_shop/internal/setup/router.go:25.63,27.3 1 0
github.com/avito_shop/internal/setup/router.go:29.2,47.16 3 0
github.com/avito_shop/internal/setup/router.go:47.16,49.3 1 0
github.com/avito_shop/internal/setup/router.go:50.2,50.13 1 0
github.com/avito_shop/internal/setup/router.go:53.78,54.36 1 0
github.com/avito_shop/internal/setup/router.go:54.36,56.21 2 0
github.com/avito_shop/internal/setup/router.go:56.21,58.4 1 0
github.com/avito_shop/internal/setup/router.go:62.104,66.51 3 0
github.com/avito_shop/internal/setup/router.go:66.51,68.3 1 0
github.com/avito_shop/internal/setup/router.go:69.2,69.56 1 0
github.com/avito_shop/internal/setup/router.go:69.56,71.3 1 0
github.com/avito_shop/internal/setup/router.go:72.2,72.56 1 0
github.com/avito_shop/internal/setup/router.go:72.56,74.3 1 0
github.com/avito_shop/internal/setup/router.go:84.23,88.16 3 0
github.com/avito_shop/internal/setup/router.go:88.16,90.3 1 0
github.com/avito_shop/internal/setup/router.go:92.2,108.3 8 0
github.com/avito_shop/internal/setup/router.go:111.30,114.2 2 0
github.com/avito_shop/internal/setup/router.go:116.32,118.2 1 0
github.com/avito_shop/internal/shoptest/noop_hasher.go:9.42,11.2 1 0
github.com/avito_shop/internal/shoptest/noop_hasher.go:13.60,15.2 1 0
github.com/avito_shop/internal/shoptest/noop_hasher.go:17.70,19.2 1 0
github.com/avito_shop/internal/shoptest/postgres.go:14.50,18.2 1 1
github.com/avito_shop/internal/shoptest/postgres.go:20.57,24.2 3 1
github.com/avito_shop/internal/shoptest/postgres.go:26.90,37.2 5 1
github.com/avito_shop/internal/shoptest/postgres.go:39.85,47.2 3 0
github.com/avito_shop/internal/shoptest/postgres.go:49.89,60.2 5 1
github.com/avito_shop/internal/shoptest/repo_clear.go:10.24,13.16 3 0
github.com/avito_shop/internal/shoptest/repo_clear.go:13.16,15.3 1 0
github.com/avito_shop/internal/shoptest/repo_clear.go:17.2,26.37 5 0
github.com/avito_shop/internal/shoptest/repo_clear.go:26.37,28.3 1 0
github.com/avito_shop/internal/shoptest/repo_clear.go:29.2,29.12 1 0
github.com/avito_shop/internal/shoptest/repo_setup.go:13.44,16.2 2 0
github.com/avito_shop/internal/shoptest/repo_setup.go:18.65,20.14 2 0
github.com/avito_shop/internal/shoptest/repo_setup.go:20.14,25.3 4 0
github.com/avito_shop/internal/shoptest/repo_setup.go:26.2,27.16 2 0
github.com/avito_shop/internal/shoptest/repo_setup.go:27.16,29.3 1 0
github.com/avito_shop/internal/shoptest/repo_setup.go:31.2,31.27 1 0
github.com/avito_shop/internal/shoptest/repo_setup.go:34.103,35.29 1 0
github.com/avito_shop/internal/shoptest/repo_setup.go:35.29,37.17 2 0
github.com/avito_shop/internal/shoptest/repo_setup.go:37.17,39.4 1 0
github.com/avito_shop/internal/shoptest/repo_setup.go:40.3,43.22 1 0
github.com/avito_shop/internal/shoptest/repo_setup.go:45.2,45.12 1 0
github.com/avito_shop/internal/shoptest/repo_setup.go:48.50,49.33 1 0
github.com/avito_shop/internal/shoptest/repo_setup.go:49.33,51.3 1 0
github.com/avito_shop/internal/shoptest/repository_inmem.go:18.38,26.2 1 0
github.com/avito_shop/internal/shoptest/repository_inmem.go:28.84,34.2 5 0
github.com/avito_shop/internal/shoptest/repository_inmem.go:36.94,41.2 4 0
github.com/avito_shop/internal/shoptest/repository_inmem.go:43.87,49.2 5 0
github.com/avito_shop/internal/shoptest/repository_inmem.go:51.87,57.2 5 0
github.com/avito_shop/internal/shoptest/repository_inmem.go:59.92,60.34 1 0
github.com/avito_shop/internal/shoptest/repository_inmem.go:60.34,61.32 1 0
github.com/avito_shop/internal/shoptest/repository_inmem.go:61.32,63.4 1 0
github.com/avito_shop/internal/shoptest/repository_inmem.go:66.2,66.42 1 0
github.com/avito_shop/internal/shoptest/repository_inmem.go:69.110,70.38 1 0
github.com/avito_shop/internal/shoptest/repository_inmem.go:70.38,71.28 1 0
github.com/avito_shop/internal/shoptest/repository_inmem.go:71.28,73.4 1 0
github.com/avito_shop/internal/shoptest/repository_inmem.go:76.2,76.51 1 0
github.com/avito_shop/internal/shoptest/repository_inmem.go:79.78,81.2 1 0
github.com/avito_shop/internal/shoptest/repository_inmem.go:91.65,92.36 1 0
github.com/avito_shop/internal/shoptest/repository_inmem.go:92.36,94.3 1 0
github.com/avito_shop/internal/shoptest/repository_inmem.go:96.2,96.30 1 0
github.com/avito_shop/internal/shoptest/repository_inmem.go:100.92,101.38 1 0
github.com/avito_shop/internal/shoptest/repository_inmem.go:101.38,103.3 1 0
github.com/avito_shop/internal/shoptest/repository_inmem.go:104.2,104.36 1 0
github.com/avito_shop/internal/shoptest/repository_inmem.go:104.36,106.3 1 0
github.com/avito_shop/internal/shoptest/repository_inmem.go:108.2,108.50 1 0
github.com/avito_shop/internal/shoptest/repository_inmem.go:112.80,113.36 1 0
github.com/avito_shop/internal/shoptest/repository_inmem.go:113.36,115.3 1 0
github.com/avito_shop/internal/shoptest/repository_inmem.go:117.2,119.36 2 0
github.com/avito_shop/internal/shoptest/repository_inmem.go:119.36,120.28 1 0
github.com/avito_shop/internal/shoptest/repository_inmem.go:120.28,121.12 1 0
github.com/avito_shop/internal/shoptest/repository_inmem.go:123.3,124.24 2 0
github.com/avito_shop/internal/shoptest/repository_inmem.go:127.2,128.34 2 0
github.com/avito_shop/internal/shoptest/repository_inmem.go:128.34,134.3 2 0
github.com/avito_shop/internal/shoptest/repository_inmem.go:136.2,136.17 1 0
github.com/avito_shop/internal/shoptest/repository_inmem.go:139.79,140.36 1 0
github.com/avito_shop/internal/shoptest/repository_inmem.go:140.36,142.3 1 0
github.com/avito_shop/internal/shoptest/repository_inmem.go:144.2,145.36 2 0
github.com/avito_shop/internal/shoptest/repository_inmem.go:145.36,148.30 2 0
github.com/avito_shop/internal/shoptest/repository_inmem.go:148.30,149.12 1 0
github.com/avito_shop/internal/shoptest/repository_inmem.go:151.3,157.5 1 0
github.com/avito_shop/internal/shoptest/repository_inmem.go:159.2,159.17 1 0
github.com/avito_shop/internal/shoptest/repository_inmem.go:162.68,165.2 2 0
github.com/avito_shop/internal/shoptest/repository_inmem.go:167.69,172.2 4 0
github.com/avito_shop/internal/shoptest/repository_inmem.go:174.69,179.2 4 0
github.com/avito_shop/internal/shoptest/repository_inmem.go:181.35,184.2 1 0
github.com/avito_shop/internal/shoptest/repository_inmem.go:186.37,191.2 1 0
github.com/avito_shop/internal/shoptest/testclient.go:11.36,18.65 2 0
github.com/avito_shop/internal/shoptest/testclient.go:18.65,24.5 3 0
github.com/avito_shop/internal/shoptest/var.go:36.25,41.2 1 0
github.com/avito_shop/internal/shoptest/var.go:43.43,45.2 1 0
github.com/avito_shop/internal/setup/env.go:15.19,20.2 4 0
github.com/avito_shop/internal/setup/env.go:22.35,30.2 6 0
github.com/avito_shop/internal/setup/env.go:32.36,34.21 2 0
github.com/avito_shop/internal/setup/env.go:34.21,36.3 1 0
github.com/avito_shop/internal/setup/env.go:37.2,37.14 1 0
github.com/avito_shop/internal/setup/env.go:40.50,44.16 3 0
github.com/avito_shop/internal/setup/env.go:44.16,46.3 1 0
github.com/avito_shop/internal/setup/env.go:47.2,47.12 1 0
github.com/avito_shop/internal/setup/env.go:50.52,52.28 2 0
github.com/avito_shop/internal/setup/env.go:52.28,54.3 1 0
github.com/avito_shop/internal/setup/env.go:55.2,55.14 1 0
github.com/avito_shop/internal/setup/router.go:21.113,22.29 1 0
github.com/avito_shop/internal/setup/router.go:22.29,24.3 1 0
github.com/avito_shop/internal/setup/router.go:25.2,25.63 1 0
github.com/avito_shop/internal/setup/router.go:25.63,27.3 1 0
github.com/avito_shop/internal/setup/router.go:29.2,47.16 3 0
github.com/avito_shop/internal/setup/router.go:47.16,49.3 1 0
github.com/avito_shop/internal/setup/router.go:50.2,50.13 1 0
github.com/avito_shop/internal/setup/router.go:53.78,54.36 1 0
github.com/avito_shop/internal/setup/router.go:54.36,56.21 2 0
github.com/avito_shop/internal/setup/router.go:56.21,58.4 1 0
github.com/avito_shop/internal/setup/router.go:62.104,66.51 3 0
github.com/avito_shop/internal/setup/router.go:66.51,68.3 1 0
github.com/avito_shop/internal/setup/router.go:69.2,69.56 1 0
github.com/avito_shop/internal/setup/router.go:69.56,71.3 1 0
github.com/avito_shop/internal/setup/router.go:72.2,72.56 1 0
github.com/avito_shop/internal/setup/router.go:72.56,74.3 1 0
github.com/avito_shop/internal/setup/router.go:84.23,88.16 3 0
github.com/avito_shop/internal/setup/router.go:88.16,90.3 1 0
github.com/avito_shop/internal/setup/router.go:92.2,108.3 8 0
github.com/avito_shop/internal/setup/router.go:111.30,114.2 2 0
github.com/avito_shop/internal/setup/router.go:116.32,118.2 1 0
github.com/avito_shop/internal/shoptest/noop_hasher.go:9.42,11.2 1 0
github.com/avito_shop/internal/shoptest/noop_hasher.go:13.60,15.2 1 0
github.com/avito_shop/internal/shoptest/noop_hasher.go:17.70,19.2 1 0
github.com/avito_shop/internal/shoptest/postgres.go:14.50,18.2 1 0
github.com/avito_shop/internal/shoptest/postgres.go:20.57,24.2 3 0
github.com/avito_shop/internal/shoptest/postgres.go:26.90,37.2 5 0
github.com/avito_shop/internal/shoptest/postgres.go:39.85,47.2 3 0
github.com/avito_shop/internal/shoptest/postgres.go:49.89,60.2 5 0
github.com/avito_shop/internal/shoptest/repo_clear.go:10.24,13.16 3 0
github.com/avito_shop/internal/shoptest/repo_clear.go:13.16,15.3 1 0
github.com/avito_shop/internal/shoptest/repo_clear.go:17.2,26.37 5 0
github.com/avito_shop/internal/shoptest/repo_clear.go:26.37,28.3 1 0
github.com/avito_shop/internal/shoptest/repo_clear.go:29.2,29.12 1 0
github.com/avito_shop/internal/shoptest/repo_setup.go:13.44,16.2 2 0
github.com/avito_shop/internal/shoptest/repo_setup.go:18.65,20.14 2 0
github.com/avito_shop/internal/shoptest/repo_setup.go:20.14,25.3 4 0
github.com/avito_shop/internal/shoptest/repo_setup.go:26.2,27.16 2 0
github.com/avito_shop/internal/shoptest/repo_setup.go:27.16,29.3 1 0
github.com/avito_shop/internal/shoptest/repo_setup.go:31.2,31.27 1 0
github.com/avito_shop/internal/shoptest/repo_setup.go:34.103,35.29 1 0
github.com/avito_shop/internal/shoptest/repo_setup.go:35.29,37.17 2 0
github.com/avito_shop/internal/shoptest/repo_setup.go:37.17,39.4 1 0
github.com/avito_shop/internal/shoptest/repo_setup.go:40.3,43.22 1 0
github.com/avito_shop/internal/shoptest/repo_setup.go:45.2,45.12 1 0
github.com/avito_shop/internal/shoptest/repo_setup.go:48.50,49.33 1 0
github.com/avito_shop/internal/shoptest/repo_setup.go:49.33,51.3 1 0
github.com/avito_shop/internal/shoptest/repository_inmem.go:18.38,26.2 1 0
github.com/avito_shop/internal/shoptest/repository_inmem.go:28.84,34.2 5 0
github.com/avito_shop/internal/shoptest/repository_inmem.go:36.94,41.2 4 0
github.com/avito_shop/internal/shoptest/repository_inmem.go:43.87,49.2 5 0
github.com/avito_shop/internal/shoptest/repository_inmem.go:51.87,57.2 5 0
github.com/avito_shop/internal/shoptest/repository_inmem.go:59.92,60.34 1 0
github.com/avito_shop/internal/shoptest/repository_inmem.go:60.34,61.32 1 0
github.com/avito_shop/internal/shoptest/repository_inmem.go:61.32,63.4 1 0
github.com/avito_shop/internal/shoptest/repository_inmem.go:66.2,66.42 1 0
github.com/avito_shop/internal/shoptest/repository_inmem.go:69.110,70.38 1 0
github.com/avito_shop/internal/shoptest/repository_inmem.go:70.38,71.28 1 0
github.com/avito_shop/internal/shoptest/repository_inmem.go:71.28,73.4 1 0
github.com/avito_shop/internal/shoptest/repository_inmem.go:76.2,76.51 1 0
github.com/avito_shop/internal/shoptest/repository_inmem.go:79.78,81.2 1 0
github.com/avito_shop/internal/shoptest/repository_inmem.go:91.65,92.36 1 0
github.com/avito_shop/internal/shoptest/repository_inmem.go:92.36,94.3 1 0
github.com/avito_shop/internal/shoptest/repository_inmem.go:96.2,96.30 1 0
github.com/avito_shop/internal/shoptest/repository_inmem.go:100.92,101.38 1 0
github.com/avito_shop/internal/shoptest/repository_inmem.go:101.38,103.3 1 0
github.com/avito_shop/internal/shoptest/repository_inmem.go:104.2,104.36 1 0
github.com/avito_shop/internal/shoptest/repository_inmem.go:104.36,106.3 1 0
github.com/avito_shop/internal/shoptest/repository_inmem.go:108.2,108.50 1 0
github.com/avito_shop/internal/shoptest/repository_inmem.go:112.80,113.36 1 0
github.com/avito_shop/internal/shoptest/repository_inmem.go:113.36,115.3 1 0
github.com/avito_shop/internal/shoptest/repository_inmem.go:117.2,119.36 2 0
github.com/avito_shop/internal/shoptest/repository_inmem.go:119.36,120.28 1 0
github.com/avito_shop/internal/shoptest/repository_inmem.go:120.28,121.12 1 0
github.com/avito_shop/internal/shoptest/repository_inmem.go:123.3,124.24 2 0
github.com/avito_shop/internal/shoptest/repository_inmem.go:127.2,128.34 2 0
github.com/avito_shop/internal/shoptest/repository_inmem.go:128.34,134.3 2 0
github.com/avito_shop/internal/shoptest/repository_inmem.go:136.2,136.17 1 0
github.com/avito_shop/internal/shoptest/repository_inmem.go:139.79,140.36 1 0
github.com/avito_shop/internal/shoptest/repository_inmem.go:140.36,142.3 1 0
github.com/avito_shop/internal/shoptest/repository_inmem.go:144.2,145.36 2 0
github.com/avito_shop/internal/shoptest/repository_inmem.go:145.36,148.30 2 0
github.com/avito_shop/internal/shoptest/repository_inmem.go:148.30,149.12 1 0
github.com/avito_shop/internal/shoptest/repository_inmem.go:151.3,157.5 1 0
github.com/avito_shop/internal/shoptest/repository_inmem.go:159.2,159.17 1 0
github.com/avito_shop/internal/shoptest/repository_inmem.go:162.68,165.2 2 0
github.com/avito_shop/internal/shoptest/repository_inmem.go:167.69,172.2 4 0
github.com/avito_shop/internal/shoptest/repository_inmem.go:174.69,179.2 4 0
github.com/avito_shop/internal/shoptest/repository_inmem.go:181.35,184.2 1 0
github.com/avito_shop/internal/shoptest/repository_inmem.go:186.37,191.2 1 0
github.com/avito_shop/internal/shoptest/testclient.go:11.36,18.65 2 0
github.com/avito_shop/internal/shoptest/testclient.go:18.65,24.5 3 0
github.com/avito_shop/internal/shoptest/var.go:36.25,41.2 1 0
github.com/avito_shop/internal/shoptest/var.go:43.43,45.2 1 0
github.com/avito_shop/main.go:11.13,15.2 3 0
github.com/avito_shop/cmd/populate_db/main.go:13.13,16.16 3 0
github.com/avito_shop/cmd/populate_db/main.go:16.16,18.3 1 0
github.com/avito_shop/cmd/populate_db/main.go:19.2,25.42 5 0
github.com/avito_shop/cmd/populate_db/main.go:25.42,27.17 2 0
github.com/avito_shop/cmd/populate_db/main.go:27.17,29.4 1 0
github.com/avito_shop/cmd/populate_db/main.go:31.2,33.38 2 0
github.com/avito_shop/cmd/populate_db/main.go:33.38,37.17 3 0
github.com/avito_shop/cmd/populate_db/main.go:37.17,39.4 1 0
github.com/avito_shop/cmd/populate_db/main.go:41.3,46.17 3 0
github.com/avito_shop/cmd/populate_db/main.go:46.17,48.4 1 0
github.com/avito_shop/cmd/populate_db/main.go:50.3,50.20 1 0
github.com/avito_shop/cmd/populate_db/main.go:50.20,52.4 1 0
github.com/avito_shop/cmd/populate_db/main.go:54.2,54.28 1 0
github.com/avito_shop/internal/client/client.go:23.33,30.2 1 0
github.com/avito_shop/internal/client/client.go:32.42,34.2 1 1
github.com/avito_shop/internal/client/client.go:36.71,43.2 5 1
github.com/avito_shop/internal/client/client.go:45.61,54.2 5 1
github.com/avito_shop/internal/client/client.go:56.79,64.2 5 1
github.com/avito_shop/internal/client/client.go:66.61,73.2 4 1
github.com/avito_shop/internal/client/error.go:15.52,16.21 1 1
github.com/avito_shop/internal/client/error.go:16.21,18.3 1 1
github.com/avito_shop/internal/client/error.go:20.2,22.16 3 0
github.com/avito_shop/internal/client/error.go:22.16,24.3 1 0
github.com/avito_shop/internal/client/error.go:26.2,26.16 1 0
github.com/avito_shop/internal/client/error.go:27.11,28.22 1 0
github.com/avito_shop/internal/client/error.go:29.11,30.24 1 0
github.com/avito_shop/internal/client/error.go:31.11,32.26 1 0
github.com/avito_shop/internal/client/error.go:33.10,34.70 1 0
github.com/avito_shop/internal/client/error.go:37.2,37.46 1 0
github.com/avito_shop/internal/domain/auth.go:9.113,11.16 2 1
github.com/avito_shop/internal/domain/auth.go:11.16,13.3 1 0
github.com/avito_shop/internal/domain/auth.go:15.2,15.35 1 1
github.com/avito_shop/internal/domain/auth.go:15.35,17.3 1 0
github.com/avito_shop/internal/domain/auth.go:19.2,19.49 1 1
github.com/avito_shop/internal/domain/auth.go:19.49,21.3 1 0
github.com/avito_shop/internal/domain/auth.go:23.2,25.8 1 1
github.com/avito_shop/internal/domain/buy_item.go:8.87,10.16 2 1
github.com/avito_shop/internal/domain/buy_item.go:10.16,12.3 1 0
github.com/avito_shop/internal/domain/buy_item.go:14.2,15.16 2 1
github.com/avito_shop/internal/domain/buy_item.go:15.16,17.3 1 0
github.com/avito_shop/internal/domain/buy_item.go:18.2,21.16 3 1
github.com/avito_shop/internal/domain/buy_item.go:21.16,23.3 1 0
github.com/avito_shop/internal/domain/buy_item.go:25.2,25.26 1 1
github.com/avito_shop/internal/domain/buy_item.go:25.26,27.3 1 0
github.com/avito_shop/internal/domain/buy_item.go:29.2,35.16 3 1
github.com/avito_shop/internal/domain/buy_item.go:35.16,37.3 1 0
github.com/avito_shop/internal/domain/buy_item.go:39.2,41.20 2 1
github.com/avito_shop/internal/domain/error.go:14.36,18.2 1 1
github.com/avito_shop/internal/domain/info.go:9.87,13.16 3 1
github.com/avito_shop/internal/domain/info.go:13.16,15.3 1 0
github.com/avito_shop/internal/domain/info.go:16.2,19.16 3 1
github.com/avito_shop/internal/domain/info.go:19.16,21.3 1 0
github.com/avito_shop/internal/domain/info.go:23.2,24.16 2 1
github.com/avito_shop/internal/domain/info.go:24.16,26.3 1 0
github.com/avito_shop/internal/domain/info.go:28.2,29.33 2 1
github.com/avito_shop/internal/domain/info.go:29.33,35.3 2 1
github.com/avito_shop/internal/domain/info.go:37.2,38.16 2 1
github.com/avito_shop/internal/domain/info.go:38.16,40.3 1 0
github.com/avito_shop/internal/domain/info.go:42.2,44.37 3 1
github.com/avito_shop/internal/domain/info.go:44.37,45.34 1 1
github.com/avito_shop/internal/domain/info.go:45.34,50.4 1 1
github.com/avito_shop/internal/domain/info.go:50.9,50.39 1 1
github.com/avito_shop/internal/domain/info.go:50.39,55.4 1 1
github.com/avito_shop/internal/domain/info.go:57.2,60.25 3 1
github.com/avito_shop/internal/domain/send_coins.go:8.114,9.22 1 1
github.com/avito_shop/internal/domain/send_coins.go:9.22,11.3 1 0
github.com/avito_shop/internal/domain/send_coins.go:13.2,14.16 2 1
github.com/avito_shop/internal/domain/send_coins.go:14.16,16.3 1 0
github.com/avito_shop/internal/domain/send_coins.go:18.2,19.16 2 1
github.com/avito_shop/internal/domain/send_coins.go:19.16,21.3 1 0
github.com/avito_shop/internal/domain/send_coins.go:22.2,24.31 2 1
github.com/avito_shop/internal/domain/send_coins.go:24.31,26.3 1 0
github.com/avito_shop/internal/domain/send_coins.go:28.2,29.16 2 1
github.com/avito_shop/internal/domain/send_coins.go:29.16,31.3 1 0
github.com/avito_shop/internal/domain/send_coins.go:33.2,33.31 1 1
github.com/avito_shop/internal/domain/send_coins.go:33.31,35.3 1 0
github.com/avito_shop/internal/domain/send_coins.go:37.2,43.16 3 1
github.com/avito_shop/internal/domain/send_coins.go:43.16,45.3 1 0
github.com/avito_shop/internal/domain/send_coins.go:47.2,48.16 2 1
github.com/avito_shop/internal/domain/send_coins.go:48.16,50.3 1 0
github.com/avito_shop/internal/domain/send_coins.go:52.2,53.16 2 1
github.com/avito_shop/internal/domain/send_coins.go:53.16,55.3 1 0
github.com/avito_shop/internal/domain/send_coins.go:57.2,57.20 1 1
github.com/avito_shop/internal/handler/auth.go:13.127,16.68 3 1
github.com/avito_shop/internal/handler/auth.go:16.68,19.3 2 0
github.com/avito_shop/internal/handler/auth.go:21.2,22.31 2 1
github.com/avito_shop/internal/handler/auth.go:22.31,24.3 1 0
github.com/avito_shop/internal/handler/auth.go:24.8,24.23 1 1
github.com/avito_shop/internal/handler/auth.go:24.23,29.3 3 0
github.com/avito_shop/internal/handler/auth.go:31.2,31.19 1 1
github.com/avito_shop/internal/handler/auth.go:34.47,36.9 2 1
github.com/avito_shop/internal/handler/auth.go:36.9,38.3 1 0
github.com/avito_shop/internal/handler/auth.go:40.2,41.16 2 1
github.com/avito_shop/internal/handler/auth.go:41.16,43.3 1 0
github.com/avito_shop/internal/handler/auth.go:45.2,48.3 1 1
github.com/avito_shop/internal/handler/auth.go:51.49,54.9 3 1
github.com/avito_shop/internal/handler/auth.go:54.9,56.3 1 0
github.com/avito_shop/internal/handler/auth.go:58.2,59.9 2 1
github.com/avito_shop/internal/handler/auth.go:59.9,61.3 1 0
github.com/avito_shop/internal/handler/auth.go:63.2,65.16 3 1
github.com/avito_shop/internal/handler/auth.go:65.16,67.3 1 0
github.com/avito_shop/internal/handler/auth.go:69.2,69.17 1 1
github.com/avito_shop/internal/handler/auth.go:72.61,77.2 2 0
github.com/avito_shop/internal/handler/buy_item.go:10.72,12.16 2 1
github.com/avito_shop/internal/handler/buy_item.go:12.16,15.3 2 0
github.com/avito_shop/internal/handler/buy_item.go:17.2,18.24 2 1
github.com/avito_shop/internal/handler/buy_item.go:18.24,21.3 2 0
github.com/avito_shop/internal/handler/buy_item.go:23.2,24.31 2 1
github.com/avito_shop/internal/handler/buy_item.go:24.31,27.3 2 0
github.com/avito_shop/internal/handler/buy_item.go:27.8,27.23 1 1
github.com/avito_shop/internal/handler/buy_item.go:27.23,32.3 3 0
github.com/avito_shop/internal/handler/buy_item.go:34.2,34.17 1 1
github.com/avito_shop/internal/handler/info.go:10.69,12.16 2 1
github.com/avito_shop/internal/handler/info.go:12.16,15.3 2 0
github.com/avito_shop/internal/handler/info.go:17.2,18.31 2 1
github.com/avito_shop/internal/handler/info.go:18.31,21.3 2 0
github.com/avito_shop/internal/handler/info.go:21.8,21.23 1 1
github.com/avito_shop/internal/handler/info.go:21.23,26.3 3 0
github.com/avito_shop/internal/handler/info.go:28.2,28.20 1 1
github.com/avito_shop/internal/handler/send_coins.go:10.74,12.16 2 1
github.com/avito_shop/internal/handler/send_coins.go:12.16,15.3 2 0
github.com/avito_shop/internal/handler/send_coins.go:17.2,19.16 3 1
github.com/avito_shop/internal/handler/send_coins.go:19.16,22.3 2 0
github.com/avito_shop/internal/handler/send_coins.go:24.2,25.31 2 1
github.com/avito_shop/internal/handler/send_coins.go:25.31,28.3 2 0
github.com/avito_shop/internal/handler/send_coins.go:28.8,28.23 1 1
github.com/avito_shop/internal/handler/send_coins.go:28.23,33.3 3 0
github.com/avito_shop/internal/handler/send_coins.go:35.2,35.17 1 1
github.com/avito_shop/internal/infra/bcrypt_hasher.go:12.60,14.2 1 0
github.com/avito_shop/internal/infra/bcrypt_hasher.go:16.70,19.2 2 1
github.com/avito_shop/internal/infra/bcrypt_hasher.go:21.64,23.2 1 0
github.com/avito_shop/internal/infra/bcrypt_hasher.go:25.54,27.16 2 0
github.com/avito_shop/internal/infra/bcrypt_hasher.go:27.16,29.3 1 0
github.com/avito_shop/internal/infra/bcrypt_hasher.go:30.2,30.25 1 0
github.com/avito_shop/internal/infra/fmt_logger.go:9.41,11.2 1 0
github.com/avito_shop/internal/infra/fmt_logger.go:13.41,15.2 1 0
github.com/avito_shop/internal/infra/http_engine.go:19.102,21.16 2 1
github.com/avito_shop/internal/infra/http_engine.go:21.16,23.3 1 0
github.com/avito_shop/internal/infra/http_engine.go:25.2,28.34 3 1
github.com/avito_shop/internal/infra/http_engine.go:28.34,30.3 1 1
github.com/avito_shop/internal/infra/http_engine.go:32.2,34.16 3 1
github.com/avito_shop/internal/infra/http_engine.go:34.16,36.3 1 0
github.com/avito_shop/internal/infra/http_engine.go:37.2,40.16 3 1
github.com/avito_shop/internal/infra/http_engine.go:40.16,42.3 1 0
github.com/avito_shop/internal/infra/http_engine.go:44.2,45.61 2 1
github.com/avito_shop/internal/infra/http_engine.go:45.61,47.3 1 0
github.com/avito_shop/internal/infra/http_engine.go:49.2,49.16 1 1
github.com/avito_shop/internal/infra/http_engine.go:49.16,51.3 1 1
github.com/avito_shop/internal/infra/http_engine.go:53.2,54.16 2 1
github.com/avito_shop/internal/infra/http_engine.go:54.16,56.3 1 0
github.com/avito_shop/internal/infra/http_engine.go:58.2,58.12 1 1
github.com/avito_shop/internal/infra/http_engine.go:61.49,62.25 1 1
github.com/avito_shop/internal/infra/http_engine.go:62.25,64.3 1 0
github.com/avito_shop/internal/infra/http_engine.go:65.2,65.21 1 1
github.com/avito_shop/internal/infra/http_engine.go:68.50,69.19 1 0
github.com/avito_shop/internal/infra/http_engine.go:69.19,71.3 1 0
github.com/avito_shop/internal/infra/http_engine.go:72.2,72.12 1 0
github.com/avito_shop/internal/infra/http_engine.go:75.51,76.26 1 1
github.com/avito_shop/internal/infra/http_engine.go:76.26,78.3 1 0
github.com/avito_shop/internal/infra/http_engine.go:79.2,79.22 1 1
github.com/avito_shop/internal/infra/http_engine.go:82.72,84.2 1 0
github.com/avito_shop/internal/infra/jwt.go:15.60,17.9 2 1
github.com/avito_shop/internal/infra/jwt.go:17.9,19.3 1 0
github.com/avito_shop/internal/infra/jwt.go:21.2,22.9 2 1
github.com/avito_shop/internal/infra/jwt.go:22.9,24.3 1 0
github.com/avito_shop/internal/infra/jwt.go:26.2,26.17 1 1
github.com/avito_shop/internal/repository/postgres.go:22.52,26.2 1 1
github.com/avito_shop/internal/repository/postgres.go:28.95,37.35 4 1
github.com/avito_shop/internal/repository/postgres.go:37.35,39.3 1 0
github.com/avito_shop/internal/repository/postgres.go:40.2,40.17 1 1
github.com/avito_shop/internal/repository/postgres.go:43.113,52.35 4 1
github.com/avito_shop/internal/repository/postgres.go:52.35,54.3 1 0
github.com/avito_shop/internal/repository/postgres.go:55.2,55.17 1 1
github.com/avito_shop/internal/repository/postgres.go:58.81,60.16 2 1
github.com/avito_shop/internal/repository/postgres.go:60.16,62.3 1 0
github.com/avito_shop/internal/repository/postgres.go:64.2,67.8 1 1
github.com/avito_shop/internal/repository/postgres.go:70.42,72.2 1 1
github.com/avito_shop/internal/repository/postgres.go:74.44,76.2 1 1
github.com/avito_shop/internal/repository/postgres.go:78.72,88.35 4 1
github.com/avito_shop/internal/repository/postgres.go:88.35,90.3 1 0
github.com/avito_shop/internal/repository/postgres.go:91.2,91.17 1 1
github.com/avito_shop/internal/repository/postgres.go:94.99,101.16 2 1
github.com/avito_shop/internal/repository/postgres.go:101.16,103.3 1 0
github.com/avito_shop/internal/repository/postgres.go:105.2,106.18 2 1
github.com/avito_shop/internal/repository/postgres.go:106.18,110.17 3 1
github.com/avito_shop/internal/repository/postgres.go:110.17,112.4 1 0
github.com/avito_shop/internal/repository/postgres.go:114.3,114.26 1 1
github.com/avito_shop/internal/repository/postgres.go:117.2,118.9 2 1
github.com/avito_shop/internal/repository/postgres.go:118.9,120.3 1 0
github.com/avito_shop/internal/repository/postgres.go:122.2,123.9 2 1
github.com/avito_shop/internal/repository/postgres.go:123.9,125.3 1 0
github.com/avito_shop/internal/repository/postgres.go:127.2,127.36 1 1
github.com/avito_shop/internal/repository/postgres.go:130.76,141.2 2 1
github.com/avito_shop/internal/repository/postgres.go:143.83,153.2 4 1
github.com/avito_shop/internal/repository/postgres.go:155.83,165.2 4 1
github.com/avito_shop/internal/repository/postgres.go:167.86,177.16 2 1
github.com/avito_shop/internal/repository/postgres.go:177.16,179.3 1 0
github.com/avito_shop/internal/repository/postgres.go:181.2,181.74 1 1
github.com/avito_shop/internal/repository/postgres.go:184.87,193.16 2 1
github.com/avito_shop/internal/repository/postgres.go:193.16,195.3 1 0
github.com/avito_shop/internal/repository/postgres.go:197.2,197.75 1 1
github.com/avito_shop/internal/setup/env.go:15.19,20.2 4 1
github.com/avito_shop/internal/setup/env.go:22.35,30.2 6 1
github.com/avito_shop/internal/setup/env.go:32.36,34.21 2 1
github.com/avito_shop/internal/setup/env.go:34.21,36.3 1 0
github.com/avito_shop/internal/setup/env.go:37.2,37.14 1 1
github.com/avito_shop/internal/setup/env.go:40.50,44.16 3 1
github.com/avito_shop/internal/setup/env.go:44.16,46.3 1 0
github.com/avito_shop/internal/setup/env.go:47.2,47.12 1 1
github.com/avito_shop/internal/setup/env.go:50.52,52.28 2 1
github.com/avito_shop/internal/setup/env.go:52.28,54.3 1 1
github.com/avito_shop/internal/setup/env.go:55.2,55.14 1 1
github.com/avito_shop/internal/setup/router.go:21.113,22.29 1 1
github.com/avito_shop/internal/setup/router.go:22.29,24.3 1 1
github.com/avito_shop/internal/setup/router.go:25.2,25.63 1 1
github.com/avito_shop/internal/setup/router.go:25.63,27.3 1 1
github.com/avito_shop/internal/setup/router.go:29.2,47.16 3 1
github.com/avito_shop/internal/setup/router.go:47.16,49.3 1 0
github.com/avito_shop/internal/setup/router.go:50.2,50.13 1 1
github.com/avito_shop/internal/setup/router.go:53.78,54.36 1 1
github.com/avito_shop/internal/setup/router.go:54.36,56.21 2 1
github.com/avito_shop/internal/setup/router.go:56.21,58.4 1 0
github.com/avito_shop/internal/setup/router.go:62.104,66.51 3 1
github.com/avito_shop/internal/setup/router.go:66.51,68.3 1 1
github.com/avito_shop/internal/setup/router.go:69.2,69.56 1 1
github.com/avito_shop/internal/setup/router.go:69.56,71.3 1 1
github.com/avito_shop/internal/setup/router.go:72.2,72.56 1 1
github.com/avito_shop/internal/setup/router.go:72.56,74.3 1 1
github.com/avito_shop/internal/setup/router.go:84.23,88.16 3 1
github.com/avito_shop/internal/setup/router.go:88.16,90.3 1 0
github.com/avito_shop/internal/setup/router.go:92.2,108.3 8 1
github.com/avito_shop/internal/setup/router.go:111.30,114.2 2 0
github.com/avito_shop/internal/setup/router.go:116.32,118.2 1 0
github.com/avito_shop/internal/shoptest/noop_hasher.go:9.42,11.2 1 0
github.com/avito_shop/internal/shoptest/noop_hasher.go:13.60,15.2 1 0
github.com/avito_shop/internal/shoptest/noop_hasher.go:17.70,19.2 1 0
github.com/avito_shop/internal/shoptest/postgres.go:14.50,18.2 1 1
github.com/avito_shop/internal/shoptest/postgres.go:20.57,24.2 3 1
github.com/avito_shop/internal/shoptest/postgres.go:26.90,37.2 5 0
github.com/avito_shop/internal/shoptest/postgres.go:39.85,47.2 3 0
github.com/avito_shop/internal/shoptest/postgres.go:49.89,60.2 5 0
github.com/avito_shop/internal/shoptest/repo_clear.go:10.24,13.16 3 1
github.com/avito_shop/internal/shoptest/repo_clear.go:13.16,15.3 1 0
github.com/avito_shop/internal/shoptest/repo_clear.go:17.2,26.37 5 1
github.com/avito_shop/internal/shoptest/repo_clear.go:26.37,28.3 1 0
github.com/avito_shop/internal/shoptest/repo_clear.go:29.2,29.12 1 1
github.com/avito_shop/internal/shoptest/repo_setup.go:13.44,16.2 2 0
github.com/avito_shop/internal/shoptest/repo_setup.go:18.65,20.14 2 0
github.com/avito_shop/internal/shoptest/repo_setup.go:20.14,25.3 4 0
github.com/avito_shop/internal/shoptest/repo_setup.go:26.2,27.16 2 0
github.com/avito_shop/internal/shoptest/repo_setup.go:27.16,29.3 1 0
github.com/avito_shop/internal/shoptest/repo_setup.go:31.2,31.27 1 0
github.com/avito_shop/internal/shoptest/repo_setup.go:34.103,35.29 1 0
github.com/avito_shop/internal/shoptest/repo_setup.go:35.29,37.17 2 0
github.com/avito_shop/internal/shoptest/repo_setup.go:37.17,39.4 1 0
github.com/avito_shop/internal/shoptest/repo_setup.go:40.3,43.22 1 0
github.com/avito_shop/internal/shoptest/repo_setup.go:45.2,45.12 1 0
github.com/avito_shop/internal/shoptest/repo_setup.go:48.50,49.33 1 0
github.com/avito_shop/internal/shoptest/repo_setup.go:49.33,51.3 1 0
github.com/avito_shop/internal/shoptest/repository_inmem.go:18.38,26.2 1 0
github.com/avito_shop/internal/shoptest/repository_inmem.go:28.84,34.2 5 0
github.com/avito_shop/internal/shoptest/repository_inmem.go:36.94,41.2 4 0
github.com/avito_shop/internal/shoptest/repository_inmem.go:43.87,49.2 5 0
github.com/avito_shop/internal/shoptest/repository_inmem.go:51.87,57.2 5 0
github.com/avito_shop/internal/shoptest/repository_inmem.go:59.92,60.34 1 0
github.com/avito_shop/internal/shoptest/repository_inmem.go:60.34,61.32 1 0
github.com/avito_shop/internal/shoptest/repository_inmem.go:61.32,63.4 1 0
github.com/avito_shop/internal/shoptest/repository_inmem.go:66.2,66.42 1 0
github.com/avito_shop/internal/shoptest/repository_inmem.go:69.110,70.38 1 0
github.com/avito_shop/internal/shoptest/repository_inmem.go:70.38,71.28 1 0
github.com/avito_shop/internal/shoptest/repository_inmem.go:71.28,73.4 1 0
github.com/avito_shop/internal/shoptest/repository_inmem.go:76.2,76.51 1 0
github.com/avito_shop/internal/shoptest/repository_inmem.go:79.78,81.2 1 0
github.com/avito_shop/internal/shoptest/repository_inmem.go:91.65,92.36 1 0
github.com/avito_shop/internal/shoptest/repository_inmem.go:92.36,94.3 1 0
github.com/avito_shop/internal/shoptest/repository_inmem.go:96.2,96.30 1 0
github.com/avito_shop/internal/shoptest/repository_inmem.go:100.92,101.38 1 0
github.com/avito_shop/internal/shoptest/repository_inmem.go:101.38,103.3 1 0
github.com/avito_shop/internal/shoptest/repository_inmem.go:104.2,104.36 1 0
github.com/avito_shop/internal/shoptest/repository_inmem.go:104.36,106.3 1 0
github.com/avito_shop/internal/shoptest/repository_inmem.go:108.2,108.50 1 0
github.com/avito_shop/internal/shoptest/repository_inmem.go:112.80,113.36 1 0
github.com/avito_shop/internal/shoptest/repository_inmem.go:113.36,115.3 1 0
github.com/avito_shop/internal/shoptest/repository_inmem.go:117.2,119.36 2 0
github.com/avito_shop/internal/shoptest/repository_inmem.go:119.36,120.28 1 0
github.com/avito_shop/internal/shoptest/repository_inmem.go:120.28,121.12 1 0
github.com/avito_shop/internal/shoptest/repository_inmem.go:123.3,124.24 2 0
github.com/avito_shop/internal/shoptest/repository_inmem.go:127.2,128.34 2 0
github.com/avito_shop/internal/shoptest/repository_inmem.go:128.34,134.3 2 0
github.com/avito_shop/internal/shoptest/repository_inmem.go:136.2,136.17 1 0
github.com/avito_shop/internal/shoptest/repository_inmem.go:139.79,140.36 1 0
github.com/avito_shop/internal/shoptest/repository_inmem.go:140.36,142.3 1 0
github.com/avito_shop/internal/shoptest/repository_inmem.go:144.2,145.36 2 0
github.com/avito_shop/internal/shoptest/repository_inmem.go:145.36,148.30 2 0
github.com/avito_shop/internal/shoptest/repository_inmem.go:148.30,149.12 1 0
github.com/avito_shop/internal/shoptest/repository_inmem.go:151.3,157.5 1 0
github.com/avito_shop/internal/shoptest/repository_inmem.go:159.2,159.17 1 0
github.com/avito_shop/internal/shoptest/repository_inmem.go:162.68,165.2 2 0
github.com/avito_shop/internal/shoptest/repository_inmem.go:167.69,172.2 4 0
github.com/avito_shop/internal/shoptest/repository_inmem.go:174.69,179.2 4 0
github.com/avito_shop/internal/shoptest/repository_inmem.go:181.35,184.2 1 0
github.com/avito_shop/internal/shoptest/repository_inmem.go:186.37,191.2 1 0
github.com/avito_shop/internal/shoptest/testclient.go:11.36,18.65 2 1
github.com/avito_shop/internal/shoptest/testclient.go:18.65,24.5 3 1
github.com/avito_shop/internal/shoptest/var.go:36.25,41.2 1 1
github.com/avito_shop/internal/shoptest/var.go:43.43,45.2 1 1
